<?xml version="1.0" encoding="UTF-8"?>
<!-- Generated by org.testng.reporters.JUnitReportReporter -->
<testsuite hostname="LAPTOP-DFFR9J4H" failures="0" tests="3" name="Runner.RunnerTestNG" time="30.428" errors="0" timestamp="2023-03-01T20:56:48 AST" skipped="0">
  <testcase classname="Runner.RunnerTestNG" name="runScenario" time="10.034"/>
  <system-out/>
  <testcase classname="Runner.RunnerTestNG" name="runScenario" time="11.328"/>
  <system-out/>
  <testcase classname="Runner.RunnerTestNG" name="runScenario" time="9.066"/>
  <system-out/>
</testsuite> <!-- Runner.RunnerTestNG -->
