<?xml version="1.0" encoding="UTF-8"?>
<!-- Generated by org.testng.reporters.JUnitReportReporter -->
<testsuite hostname="LAPTOP-DFFR9J4H" failures="0" tests="1" name="InterviewPOIExcel.ReadfromExcelIterator" time="0.525" errors="0" timestamp="2023-05-03T12:43:48 AST" skipped="0">
  <testcase classname="InterviewPOIExcel.ReadfromExcelIterator" name="Testcase1" time="0.525"/>
  <system-out/>
</testsuite> <!-- InterviewPOIExcel.ReadfromExcelIterator -->
