<?xml version="1.0" encoding="UTF-8"?>
<!-- Generated by org.testng.reporters.JUnitReportReporter -->
<testsuite hostname="LAPTOP-DFFR9J4H" failures="0" tests="1" name="InterviewPOIExcel.WriteToExcelForLoop" time="1.011" errors="0" timestamp="2023-04-12T00:25:52 AST" skipped="0">
  <testcase classname="InterviewPOIExcel.WriteToExcelForLoop" name="TestCase2" time="1.011"/>
  <system-out/>
</testsuite> <!-- InterviewPOIExcel.WriteToExcelForLoop -->
