<?xml version="1.0" encoding="UTF-8"?>
<!-- Generated by org.testng.reporters.JUnitReportReporter -->
<testsuite hostname="LAPTOP-DFFR9J4H" failures="0" tests="1" name="InterviewPOIExcel.ReadfromExcelget" time="0.556" errors="0" timestamp="2023-05-03T12:56:47 AST" skipped="0">
  <testcase classname="InterviewPOIExcel.ReadfromExcelget" name="Testcase1" time="0.556"/>
  <system-out/>
</testsuite> <!-- InterviewPOIExcel.ReadfromExcelget -->
