<?xml version="1.0" encoding="UTF-8"?>
<!-- Generated by org.testng.reporters.JUnitReportReporter -->
<testsuite hostname="LAPTOP-DFFR9J4H" failures="0" tests="3" name="InterviewPOIExcel.NinjaLoginDataProvider" time="36.362" errors="0" timestamp="2023-05-09T10:37:46 AST" skipped="0">
  <testcase classname="InterviewPOIExcel.NinjaLoginDataProvider" name="Ninja" time="11.513"/>
  <system-out/>
  <testcase classname="InterviewPOIExcel.NinjaLoginDataProvider" name="Ninja" time="14.157"/>
  <system-out/>
  <testcase classname="InterviewPOIExcel.NinjaLoginDataProvider" name="Ninja" time="10.692"/>
  <system-out/>
</testsuite> <!-- InterviewPOIExcel.NinjaLoginDataProvider -->
