<?xml version="1.0" encoding="UTF-8"?>
<!-- Generated by org.testng.reporters.JUnitReportReporter -->
<testsuite hostname="LAPTOP-DFFR9J4H" failures="0" tests="1" name="InterviewPOIExcel.ReadfromExcel" time="1.115" errors="0" timestamp="2023-04-11T22:54:38 AST" skipped="0">
  <testcase classname="InterviewPOIExcel.ReadfromExcel" name="Testcase1" time="1.115"/>
  <system-out/>
</testsuite> <!-- InterviewPOIExcel.ReadfromExcel -->
