<?xml version="1.0" encoding="UTF-8"?>
<!-- Generated by org.testng.reporters.JUnitReportReporter -->
<testsuite hostname="LAPTOP-DFFR9J4H" failures="0" tests="1" name="InterviewMavenSureFirePlugin.FourTest" time="0.007" errors="0" timestamp="2023-04-08T18:13:52 AST" skipped="0">
  <testcase classname="InterviewMavenSureFirePlugin.FourTest" name="mfour" time="0.007"/>
  <system-out/>
</testsuite> <!-- InterviewMavenSureFirePlugin.FourTest -->
