<?xml version="1.0" encoding="UTF-8"?>
<!-- Generated by org.testng.reporters.JUnitReportReporter -->
<testsuite hostname="LAPTOP-DFFR9J4H" failures="0" tests="1" name="InterviewMavenSureFirePlugin.OneTest" time="8.050" errors="0" timestamp="2023-04-08T22:14:46 AST" skipped="0">
  <testcase classname="InterviewMavenSureFirePlugin.OneTest" name="Checkomayotext" time="8.050"/>
  <system-out/>
</testsuite> <!-- InterviewMavenSureFirePlugin.OneTest -->
