<?xml version="1.0" encoding="UTF-8"?>
<!-- Generated by org.testng.reporters.JUnitReportReporter -->
<testsuite hostname="LAPTOP-DFFR9J4H" failures="0" tests="1" name="InterviewMavenSureFirePlugin.ThreeTest" time="0.011" errors="0" timestamp="2023-04-08T18:13:47 AST" skipped="0">
  <testcase classname="InterviewMavenSureFirePlugin.ThreeTest" name="mthree" time="0.011"/>
  <system-out/>
</testsuite> <!-- InterviewMavenSureFirePlugin.ThreeTest -->
