<?xml version="1.0" encoding="UTF-8"?>
<!-- Generated by org.testng.reporters.JUnitReportReporter -->
<testsuite hostname="LAPTOP-DFFR9J4H" failures="0" tests="3" name="TestNGPack1.ClassOne" time="0.016" errors="0" timestamp="2023-04-04T19:17:49 AST" skipped="0">
  <testcase classname="TestNGPack1.ClassOne" name="testcaseZ" time="0.016"/>
  <system-out/>
  <testcase classname="TestNGPack1.ClassOne" name="testcaseK" time="0.000"/>
  <system-out/>
  <testcase classname="TestNGPack1.ClassOne" name="testcaseA" time="0.000"/>
  <system-out/>
</testsuite> <!-- TestNGPack1.ClassOne -->
