<?xml version="1.0" encoding="UTF-8"?>
<!-- Generated by org.testng.reporters.JUnitReportReporter -->
<testsuite hostname="LAPTOP-DFFR9J4H" failures="0" tests="1" name="AssertionsTestNG.TrueAssert" time="0.015" errors="0" timestamp="2023-04-03T17:40:42 AST" skipped="0">
  <testcase classname="AssertionsTestNG.TrueAssert" name="TrueAssrt" time="0.015"/>
  <system-out/>
</testsuite> <!-- AssertionsTestNG.TrueAssert -->
