<?xml version="1.0" encoding="UTF-8"?>
<!-- Generated by org.testng.reporters.JUnitReportReporter -->
<testsuite hostname="LAPTOP-DFFR9J4H" failures="0" tests="1" name="TestNGframework.ArithmeticException" time="0.013" errors="0" timestamp="2023-04-03T16:11:43 AST" skipped="1">
  <testcase classname="TestNGframework.ArithmeticException" name="AException" time="0.013">
    <skipped/>
  </testcase> <!-- AException -->
  <system-out/>
</testsuite> <!-- TestNGframework.ArithmeticException -->
