<?xml version="1.0" encoding="UTF-8"?>
<!-- Generated by org.testng.reporters.JUnitReportReporter -->
<testsuite hostname="LAPTOP-DFFR9J4H" failures="0" tests="3" name="Demo.MVTProject.TestngExample2" time="0.022" errors="0" timestamp="2022-11-02T22:40:11 AST" skipped="0">
  <testcase classname="Demo.MVTProject.TestngExample2" name="Login" time="0.018"/>
  <system-out/>
  <testcase classname="Demo.MVTProject.TestngExample2" name="Logout" time="0.002"/>
  <system-out/>
  <testcase classname="Demo.MVTProject.TestngExample2" name="Registered" time="0.002"/>
  <system-out/>
</testsuite> <!-- Demo.MVTProject.TestngExample2 -->
