<?xml version="1.0" encoding="UTF-8"?>
<!-- Generated by org.testng.reporters.JUnitReportReporter -->
<testsuite hostname="LAPTOP-DFFR9J4H" failures="0" tests="3" name="Demo.MVTProject.DataProvider" time="0.011" errors="0" timestamp="2022-11-06T14:58:44 AST" skipped="0">
  <testcase classname="Demo.MVTProject.DataProvider" name="Params" time="0.001"/>
  <system-out/>
  <testcase classname="Demo.MVTProject.DataProvider" name="Params" time="0.001"/>
  <system-out/>
  <testcase classname="Demo.MVTProject.DataProvider" name="Params" time="0.009"/>
  <system-out/>
</testsuite> <!-- Demo.MVTProject.DataProvider -->
