<?xml version="1.0" encoding="UTF-8"?>
<!-- Generated by org.testng.reporters.JUnitReportReporter -->
<testsuite hostname="LAPTOP-DFFR9J4H" failures="0" tests="1" name="ppack.Login" time="4.274" errors="0" timestamp="2022-11-06T20:32:01 AST" skipped="0">
  <testcase classname="ppack.Login" name="ClassTen" time="4.274"/>
  <system-out/>
</testsuite> <!-- ppack.Login -->
