<?xml version="1.0" encoding="UTF-8"?>
<!-- Generated by org.testng.reporters.JUnitReportReporter -->
<testsuite hostname="LAPTOP-DFFR9J4H" failures="0" tests="1" name="Session23.MainClassForListeners" time="5.524" errors="0" timestamp="2022-11-06T17:58:08 AST" skipped="0">
  <testcase classname="Session23.MainClassForListeners" name="ClassTen" time="5.524"/>
  <system-out/>
</testsuite> <!-- Session23.MainClassForListeners -->
