<?xml version="1.0" encoding="UTF-8"?>
<!-- Generated by org.testng.reporters.JUnitReportReporter -->
<testsuite hostname="LAPTOP-DFFR9J4H" failures="0" tests="1" name="Session25.OneTest" time="6.753" errors="0" timestamp="2022-11-09T00:56:16 AST" skipped="0">
  <testcase classname="Session25.OneTest" name="mone" time="6.753"/>
  <system-out/>
</testsuite> <!-- Session25.OneTest -->
