<?xml version="1.0" encoding="UTF-8"?>
<!-- Generated by org.testng.reporters.JUnitReportReporter -->
<testsuite hostname="LAPTOP-DFFR9J4H" failures="0" tests="1" name="TestCases.LoginTestCase" time="8.215" errors="0" timestamp="2023-04-09T20:15:28 AST" skipped="0">
  <testcase classname="TestCases.LoginTestCase" name="Login" time="8.215"/>
  <system-out/>
</testsuite> <!-- TestCases.LoginTestCase -->
