<?xml version="1.0" encoding="UTF-8"?>
<!-- Generated by org.testng.reporters.JUnitReportReporter -->
<testsuite hostname="LAPTOP-DFFR9J4H" failures="0" tests="1" name="InterviewMavenSureFirePlugin.AppTest" time="0.003" errors="0" timestamp="2023-04-08T17:43:25 AST" skipped="0">
  <testcase classname="InterviewMavenSureFirePlugin.AppTest" name="shouldAnswerWithTrue" time="0.003"/>
  <system-out/>
</testsuite> <!-- InterviewMavenSureFirePlugin.AppTest -->
