<?xml version="1.0" encoding="UTF-8"?>
<!-- Generated by org.testng.reporters.JUnitReportReporter -->
<testsuite hostname="LAPTOP-DFFR9J4H" failures="0" tests="1" name="POMPackage.LoginTestCase" time="6.759" errors="0" timestamp="2022-11-10T08:58:05 AST" skipped="0">
  <testcase classname="POMPackage.LoginTestCase" name="Login" time="6.759"/>
  <system-out/>
</testsuite> <!-- POMPackage.LoginTestCase -->
