<?xml version="1.0" encoding="UTF-8"?>
<!-- Generated by org.testng.reporters.JUnitReportReporter -->
<testsuite hostname="LAPTOP-DFFR9J4H" failures="0" tests="1" name="DataPropPackageJavaAPI.DataPropClass" time="11.709" errors="0" timestamp="2023-04-17T11:05:20 AST" skipped="0">
  <testcase classname="DataPropPackageJavaAPI.DataPropClass" name="proptest" time="11.709"/>
  <system-out/>
</testsuite> <!-- DataPropPackageJavaAPI.DataPropClass -->
