<?xml version="1.0" encoding="UTF-8"?>
<!-- Generated by org.testng.reporters.JUnitReportReporter -->
<testsuite hostname="LAPTOP-DFFR9J4H" failures="0" tests="1" name="TestNGExecution.Example1" time="14.314" errors="0" timestamp="2023-04-17T10:54:38 AST" skipped="0">
  <testcase classname="TestNGExecution.Example1" name="Method" time="14.314"/>
  <system-out/>
</testsuite> <!-- TestNGExecution.Example1 -->
