<?xml version="1.0" encoding="UTF-8"?>
<!-- Generated by org.testng.reporters.JUnitReportReporter -->
<testsuite hostname="LAPTOP-DFFR9J4H" failures="0" tests="1" name="TestNGExecution.ArithmeticException" time="0.014" errors="0" timestamp="2023-04-17T10:54:57 AST" skipped="1">
  <testcase classname="TestNGExecution.ArithmeticException" name="AException" time="0.014">
    <skipped/>
  </testcase> <!-- AException -->
  <system-out/>
</testsuite> <!-- TestNGExecution.ArithmeticException -->
