<?xml version="1.0" encoding="UTF-8"?>
<!-- Generated by org.testng.reporters.JUnitReportReporter -->
<testsuite hostname="LAPTOP-DFFR9J4H" failures="0" tests="1" name="InterviewMavenSureFirePlugin.ThreeTest" time="0.003" errors="0" timestamp="2023-04-27T08:45:05 AST" skipped="0">
  <testcase classname="InterviewMavenSureFirePlugin.ThreeTest" name="mthree" time="0.003"/>
  <system-out/>
</testsuite> <!-- InterviewMavenSureFirePlugin.ThreeTest -->
