<?xml version="1.0" encoding="UTF-8"?>
<!-- Generated by org.testng.reporters.JUnitReportReporter -->
<testsuite hostname="LAPTOP-DFFR9J4H" failures="0" tests="1" name="InterviewMavenSureFirePlugin.OneTest" time="12.490" errors="0" timestamp="2023-05-10T21:11:52 AST" skipped="0">
  <testcase classname="InterviewMavenSureFirePlugin.OneTest" name="Checkomayotext" time="12.490"/>
  <system-out/>
</testsuite> <!-- InterviewMavenSureFirePlugin.OneTest -->
