<?xml version="1.0" encoding="UTF-8"?>
<!-- Generated by org.testng.reporters.JUnitReportReporter -->
<testsuite hostname="LAPTOP-DFFR9J4H" failures="0" tests="1" name="InterviewMavenSureFirePlugin.FourTest" time="0.006" errors="0" timestamp="2023-05-10T21:11:52 AST" skipped="0">
  <testcase classname="InterviewMavenSureFirePlugin.FourTest" name="mfour" time="0.006"/>
  <system-out/>
</testsuite> <!-- InterviewMavenSureFirePlugin.FourTest -->
