<?xml version="1.0" encoding="UTF-8"?>
<!-- Generated by org.testng.reporters.JUnitReportReporter -->
<testsuite hostname="LAPTOP-DFFR9J4H" failures="0" tests="3" name="Runner.RunnerTestNG" time="34.219" errors="0" timestamp="2023-03-01T20:38:06 AST" skipped="0">
  <testcase classname="Runner.RunnerTestNG" name="runScenario" time="11.177"/>
  <system-out/>
  <testcase classname="Runner.RunnerTestNG" name="runScenario" time="10.548"/>
  <system-out/>
  <testcase classname="Runner.RunnerTestNG" name="runScenario" time="12.494"/>
  <system-out/>
</testsuite> <!-- Runner.RunnerTestNG -->
