<?xml version="1.0" encoding="UTF-8"?>
<!-- Generated by org.testng.reporters.JUnitReportReporter -->
<testsuite hostname="LAPTOP-DFFR9J4H" failures="0" tests="3" name="DataProviderPack.DataProviderExample" time="34.112" errors="0" timestamp="2023-04-17T11:21:00 AST" skipped="0">
  <testcase classname="DataProviderPack.DataProviderExample" name="Ninja" time="11.115"/>
  <system-out/>
  <testcase classname="DataProviderPack.DataProviderExample" name="Ninja" time="12.030"/>
  <system-out/>
  <testcase classname="DataProviderPack.DataProviderExample" name="Ninja" time="10.967"/>
  <system-out/>
</testsuite> <!-- DataProviderPack.DataProviderExample -->
