<?xml version="1.0" encoding="UTF-8"?>
<!-- Generated by org.testng.reporters.JUnitReportReporter -->
<testsuite hostname="LAPTOP-DFFR9J4H" failures="0" tests="1" name="TestNGExecution.TestNGExecution" time="15.371" errors="0" timestamp="2023-04-17T11:07:15 AST" skipped="0">
  <testcase classname="TestNGExecution.TestNGExecution" name="Method" time="15.371"/>
  <system-out/>
</testsuite> <!-- TestNGExecution.TestNGExecution -->
