<?xml version="1.0" encoding="UTF-8"?>
<!-- Generated by org.testng.reporters.JUnitReportReporter -->
<testsuite hostname="LAPTOP-DFFR9J4H" failures="0" tests="3" name="TestNGParallelPack.ClassParallel1" time="20.390" errors="0" timestamp="2023-04-07T11:57:06 AST" skipped="0">
  <testcase classname="TestNGParallelPack.ClassParallel1" name="testcaseZ" time="7.253"/>
  <system-out/>
  <testcase classname="TestNGParallelPack.ClassParallel1" name="testcaseK" time="7.082"/>
  <system-out/>
  <testcase classname="TestNGParallelPack.ClassParallel1" name="testcaseA" time="6.055"/>
  <system-out/>
</testsuite> <!-- TestNGParallelPack.ClassParallel1 -->
