<?xml version="1.0" encoding="UTF-8"?>
<!-- Generated by org.testng.reporters.JUnitReportReporter -->
<testsuite hostname="LAPTOP-DFFR9J4H" failures="0" tests="1" name="Parameterizing.ClassEleven" time="0.012" errors="0" timestamp="2023-04-05T21:15:02 AST" skipped="0">
  <testcase classname="Parameterizing.ClassEleven" name="testcase11" time="0.012"/>
  <system-out/>
</testsuite> <!-- Parameterizing.ClassEleven -->
