<?xml version="1.0" encoding="UTF-8"?>
<!-- Generated by org.testng.reporters.JUnitReportReporter -->
<testsuite hostname="LAPTOP-DFFR9J4H" failures="0" tests="1" name="TestNGpack2.ClassFive" time="0.004" errors="0" timestamp="2023-05-03T11:52:35 AST" skipped="0">
  <testcase classname="TestNGpack2.ClassFive" name="testcase5" time="0.004"/>
  <system-out/>
</testsuite> <!-- TestNGpack2.ClassFive -->
