<?xml version="1.0" encoding="UTF-8"?>
<!-- Generated by org.testng.reporters.JUnitReportReporter -->
<testsuite hostname="LAPTOP-DFFR9J4H" failures="0" tests="1" name="AssertionsTestNG.SoftAsrtExample" time="7.710" errors="0" timestamp="2023-04-17T11:08:12 AST" skipped="0">
  <testcase classname="AssertionsTestNG.SoftAsrtExample" name="softAssertion" time="7.710"/>
  <system-out/>
</testsuite> <!-- AssertionsTestNG.SoftAsrtExample -->
