<?xml version="1.0" encoding="UTF-8"?>
<!-- Generated by org.testng.reporters.JUnitReportReporter -->
<testsuite hostname="LAPTOP-DFFR9J4H" failures="0" tests="1" name="TestNGPack1.ClassTwo" time="0.001" errors="0" timestamp="2023-05-03T11:52:35 AST" skipped="0">
  <testcase classname="TestNGPack1.ClassTwo" name="testcase2" time="0.001"/>
  <system-out/>
</testsuite> <!-- TestNGPack1.ClassTwo -->
