<?xml version="1.0" encoding="UTF-8"?>
<!-- Generated by org.testng.reporters.JUnitReportReporter -->
<testsuite hostname="LAPTOP-DFFR9J4H" failures="0" tests="1" name="TestNGParallelPack.ClassParallel2" time="4.411" errors="0" timestamp="2023-04-07T11:57:06 AST" skipped="0">
  <testcase classname="TestNGParallelPack.ClassParallel2" name="testcase5" time="4.411"/>
  <system-out/>
</testsuite> <!-- TestNGParallelPack.ClassParallel2 -->
