<?xml version="1.0" encoding="UTF-8"?>
<!-- Generated by org.testng.reporters.JUnitReportReporter -->
<testsuite hostname="LAPTOP-DFFR9J4H" failures="0" tests="4" name="TestNGExecution.InvocationCountClass" time="38.053" errors="0" timestamp="2023-04-19T11:46:29 AST" skipped="0">
  <testcase classname="TestNGExecution.InvocationCountClass" name="Login" time="10.362"/>
  <system-out/>
  <testcase classname="TestNGExecution.InvocationCountClass" name="Login" time="10.626"/>
  <system-out/>
  <testcase classname="TestNGExecution.InvocationCountClass" name="Login" time="8.326"/>
  <system-out/>
  <testcase classname="TestNGExecution.InvocationCountClass" name="Login" time="8.739"/>
  <system-out/>
</testsuite> <!-- TestNGExecution.InvocationCountClass -->
