<?xml version="1.0" encoding="UTF-8"?>
<!-- Generated by org.testng.reporters.JUnitReportReporter -->
<testsuite hostname="LAPTOP-DFFR9J4H" failures="0" tests="4" name="ExcludeInclude.ClassEight" time="0.013" errors="0" timestamp="2023-04-16T15:21:50 AST" skipped="0">
  <testcase classname="ExcludeInclude.ClassEight" name="testcaseA" time="0.008"/>
  <system-out/>
  <testcase classname="ExcludeInclude.ClassEight" name="testcaseB" time="0.002"/>
  <system-out/>
  <testcase classname="ExcludeInclude.ClassEight" name="testcaseC" time="0.002"/>
  <system-out/>
  <testcase classname="ExcludeInclude.ClassEight" name="testcaseD" time="0.001"/>
  <system-out/>
</testsuite> <!-- ExcludeInclude.ClassEight -->
