<?xml version="1.0" encoding="UTF-8"?>
<!-- Generated by org.testng.reporters.JUnitReportReporter -->
<testsuite hostname="LAPTOP-DFFR9J4H" failures="0" tests="1" name="Parameterizing.ClassThirteen" time="12.434" errors="0" timestamp="2023-04-17T07:45:24 AST" skipped="0">
  <testcase classname="Parameterizing.ClassThirteen" name="Ninja" time="12.434"/>
  <system-out/>
</testsuite> <!-- Parameterizing.ClassThirteen -->
