<?xml version="1.0" encoding="UTF-8"?>
<!-- Generated by org.testng.reporters.JUnitReportReporter -->
<testsuite hostname="LAPTOP-DFFR9J4H" failures="0" tests="3" name="one.dataProvider" time="0.010" errors="0" timestamp="2022-11-14T08:44:29 AST" skipped="0">
  <testcase classname="one.dataProvider" name="loginTest" time="0.006"/>
  <system-out/>
  <testcase classname="one.dataProvider" name="loginTest" time="0.002"/>
  <system-out/>
  <testcase classname="one.dataProvider" name="loginTest" time="0.002"/>
  <system-out/>
</testsuite> <!-- one.dataProvider -->
