<?xml version="1.0" encoding="UTF-8"?>
<!-- Generated by org.testng.reporters.JUnitReportReporter -->
<testsuite hostname="LAPTOP-DFFR9J4H" failures="0" tests="1" name="Session25.FourTest" time="0.001" errors="0" timestamp="2022-11-09T01:17:26 AST" skipped="0">
  <testcase classname="Session25.FourTest" name="mFour" time="0.001"/>
  <system-out/>
</testsuite> <!-- Session25.FourTest -->
