<?xml version="1.0" encoding="UTF-8"?>
<!-- Generated by org.testng.reporters.JUnitReportReporter -->
<testsuite hostname="LAPTOP-DFFR9J4H" failures="0" tests="3" name="Session21.TestngExample2" time="0.004" errors="0" timestamp="2022-11-09T00:44:42 AST" skipped="0">
  <testcase classname="Session21.TestngExample2" name="Logout" time="0.000"/>
  <system-out/>
  <testcase classname="Session21.TestngExample2" name="Registered" time="0.000"/>
  <system-out/>
  <testcase classname="Session21.TestngExample2" name="Login" time="0.004"/>
  <system-out/>
</testsuite> <!-- Session21.TestngExample2 -->
